2025-11-23 21:27:53,289 - INFO - Logging initialized. Log file: result_20251123_212753/workflow_20251123_212753.log
2025-11-23 21:27:53,289 - INFO - ============================================================
2025-11-23 21:27:53,289 - INFO - Lotus Workflow - Starting Analysis
2025-11-23 21:27:53,290 - INFO - ============================================================
2025-11-23 21:27:53,292 - INFO - Generated AnnData with shape (180, 50) and 50 genes.
2025-11-23 21:27:53,292 - INFO - 
============================================================
2025-11-23 21:27:53,292 - INFO - Preprocessing Pipeline
2025-11-23 21:27:53,293 - INFO - ============================================================
2025-11-23 21:27:53,293 - INFO - Running complete preprocessing pipeline...
2025-11-23 21:27:57,062 - INFO - ✓ Preprocessing complete
2025-11-23 21:27:57,062 - INFO -   - Data shape: (180, 50)
2025-11-23 21:27:57,062 - INFO -   - PCA stored in: `adata.obsm['X_pca']` (shape: (180, 20))
2025-11-23 21:27:57,062 - INFO -   - Latent representation stored in: `adata.obsm['X_latent']` (shape: (180, 32))
2025-11-23 21:27:57,063 - INFO -   - Raw counts saved in: `adata.layers['raw_counts']`
2025-11-23 21:27:57,063 - INFO -   - Neighbors graph constructed: True
2025-11-23 21:27:57,063 - INFO - 
============================================================
2025-11-23 21:27:57,063 - INFO - Clustering
2025-11-23 21:27:57,063 - INFO - ============================================================
2025-11-23 21:27:57,063 - INFO - Performing clustering analysis...
2025-11-23 21:27:57,085 - INFO - ✓ Clustering complete
2025-11-23 21:27:57,085 - INFO -   - Cluster labels stored in: `adata.obs['cplearn_labels']`
2025-11-23 21:27:57,085 - INFO -   - Number of clusters: 3
2025-11-23 21:27:57,085 - INFO -   - Cluster IDs: ['0', '1', '2']
2025-11-23 21:27:57,086 - INFO - 
============================================================
2025-11-23 21:27:57,086 - INFO - Visualization: UMAP
2025-11-23 21:27:57,086 - INFO - ============================================================
2025-11-23 21:27:57,086 - INFO - Computing UMAP embedding and generating visualization...
2025-11-23 21:27:57,807 - INFO - ✓ UMAP visualization complete
2025-11-23 21:27:57,807 - INFO -   - UMAP embedding stored in: `adata.obsm['X_umap']` (shape: (180, 2))
2025-11-23 21:27:57,807 - INFO -   - Visualization saved to: result_20251123_212753/umap_clusters.png
2025-11-23 21:27:57,807 - INFO - 
============================================================
2025-11-23 21:27:57,807 - INFO - CoreAnalysis: Core map embedding and core layer extraction
2025-11-23 21:27:57,807 - INFO - ============================================================
2025-11-23 21:27:57,807 - INFO - Computing core map embedding...
2025-11-23 21:27:57,810 - INFO - ✓ CoreAnalysis complete
2025-11-23 21:27:57,810 - INFO -   - Core map embedding stored in: `adata.obsm['X_cplearn_coremap']` (shape: (180, 2))
2025-11-23 21:27:57,810 - INFO -   - Assigned points: 0/180 (0.0%)
2025-11-23 21:27:57,810 - INFO - 
============================================================
2025-11-23 21:27:57,810 - INFO - DEG: Marker Genes
2025-11-23 21:27:57,810 - INFO - ============================================================
2025-11-23 21:27:57,811 - INFO - Identifying differentially expressed genes (marker genes)...
2025-11-23 21:27:57,812 - INFO - ✓ DEG analysis complete
2025-11-23 21:27:57,812 - INFO -   - Total differentially expressed genes: 0
2025-11-23 21:27:57,812 - INFO -   - Significant genes (p_adj < 0.05): 0
2025-11-23 21:27:57,812 - INFO -   - Significant genes (p_adj < 0.01): 0
2025-11-23 21:27:57,812 - INFO - 
Top 10 differentially expressed genes:
2025-11-23 21:27:57,814 - INFO - 
Empty DataFrame
Columns: [gene, log2fc, z_score, pvalue, p_adj, mean_a, mean_b, pct_expr_a, pct_expr_b]
Index: []
2025-11-23 21:27:57,816 - INFO -   - DEG results saved to: result_20251123_212753/deg_results.csv
2025-11-23 21:27:57,816 - INFO - 
============================================================
2025-11-23 21:27:57,816 - INFO - Visualization: Rendering all visualizations
2025-11-23 21:27:57,816 - INFO - ============================================================
2025-11-23 21:27:58,484 - INFO -   - Moved umap_clusters.png to output directory
2025-11-23 21:27:58,484 - INFO - ✓ All visualizations complete
2025-11-23 21:27:58,485 - INFO -   - UMAP clusters plot: result_20251123_212753/umap_clusters.png
2025-11-23 21:27:58,485 - INFO - 
============================================================
2025-11-23 21:27:58,485 - INFO - Workflow Summary
2025-11-23 21:27:58,485 - INFO - ============================================================
2025-11-23 21:27:58,485 - INFO - ✓ All results saved to: /mnt/d/lotus/examples/result_20251123_212753
2025-11-23 21:27:58,485 - INFO - ✓ Output directory: result_20251123_212753
2025-11-23 21:27:58,486 - INFO -   - Log file: result_20251123_212753/workflow_20251123_212753.log
2025-11-23 21:27:58,486 - INFO -   - DEG results: result_20251123_212753/deg_results.csv
2025-11-23 21:27:58,486 - INFO -   - UMAP plot: result_20251123_212753/umap_clusters.png
2025-11-23 21:27:58,487 - INFO - ============================================================
2025-11-23 21:27:58,487 - INFO - Workflow completed successfully!
2025-11-23 21:27:58,487 - INFO - ============================================================
