2025-11-23 21:23:30,438 - INFO - Logging initialized. Log file: result_20251123_212330/workflow_20251123_212330.log
2025-11-23 21:23:30,438 - INFO - ============================================================
2025-11-23 21:23:30,438 - INFO - Lotus Workflow - Starting Analysis
2025-11-23 21:23:30,438 - INFO - ============================================================
2025-11-23 21:23:30,441 - INFO - Generated AnnData with shape (180, 50) and 50 genes.
2025-11-23 21:23:30,441 - INFO - 
============================================================
2025-11-23 21:23:30,442 - INFO - Preprocessing Pipeline
2025-11-23 21:23:30,442 - INFO - ============================================================
2025-11-23 21:23:30,442 - INFO - Running complete preprocessing pipeline...
2025-11-23 21:23:34,374 - INFO - ✓ Preprocessing complete
2025-11-23 21:23:34,374 - INFO -   - Data shape: (180, 50)
2025-11-23 21:23:34,375 - INFO -   - PCA stored in: `adata.obsm['X_pca']` (shape: (180, 20))
2025-11-23 21:23:34,375 - INFO -   - Latent representation stored in: `adata.obsm['X_latent']` (shape: (180, 32))
2025-11-23 21:23:34,375 - INFO -   - Raw counts saved in: `adata.layers['raw_counts']`
2025-11-23 21:23:34,375 - INFO -   - Neighbors graph constructed: True
2025-11-23 21:23:34,375 - INFO - 
============================================================
2025-11-23 21:23:34,375 - INFO - Clustering
2025-11-23 21:23:34,375 - INFO - ============================================================
2025-11-23 21:23:34,376 - INFO - Performing clustering analysis...
2025-11-23 21:23:34,397 - INFO - ✓ Clustering complete
2025-11-23 21:23:34,397 - INFO -   - Cluster labels stored in: `adata.obs['cplearn_labels']`
2025-11-23 21:23:34,398 - INFO -   - Number of clusters: 3
2025-11-23 21:23:34,398 - INFO -   - Cluster IDs: ['0', '1', '2']
2025-11-23 21:23:34,398 - INFO - 
============================================================
2025-11-23 21:23:34,398 - INFO - Visualization: UMAP
2025-11-23 21:23:34,398 - INFO - ============================================================
2025-11-23 21:23:34,398 - INFO - Computing UMAP embedding and generating visualization...
2025-11-23 21:23:35,223 - INFO - ✓ UMAP visualization complete
2025-11-23 21:23:35,223 - INFO -   - UMAP embedding stored in: `adata.obsm['X_umap']` (shape: (180, 2))
2025-11-23 21:23:35,223 - INFO -   - Visualization saved to: result_20251123_212330/umap_clusters.png
2025-11-23 21:23:35,223 - INFO - 
============================================================
2025-11-23 21:23:35,223 - INFO - CoreAnalysis: Core map embedding and core layer extraction
2025-11-23 21:23:35,223 - INFO - ============================================================
2025-11-23 21:23:35,224 - INFO - Computing core map embedding...
2025-11-23 21:23:35,228 - INFO - ✓ CoreAnalysis complete
2025-11-23 21:23:35,228 - INFO -   - Core map embedding stored in: `adata.obsm['X_cplearn_coremap']` (shape: (180, 2))
2025-11-23 21:23:35,228 - INFO -   - Assigned points: 0/180 (0.0%)
2025-11-23 21:23:35,228 - INFO - 
============================================================
2025-11-23 21:23:35,229 - INFO - DEG: Marker Genes
2025-11-23 21:23:35,229 - INFO - ============================================================
2025-11-23 21:23:35,229 - INFO - Identifying differentially expressed genes (marker genes)...
