2025-11-23 21:23:59,750 - INFO - Logging initialized. Log file: result_20251123_212359/workflow_20251123_212359.log
2025-11-23 21:23:59,750 - INFO - ============================================================
2025-11-23 21:23:59,750 - INFO - Lotus Workflow - Starting Analysis
2025-11-23 21:23:59,750 - INFO - ============================================================
2025-11-23 21:23:59,753 - INFO - Generated AnnData with shape (180, 50) and 50 genes.
2025-11-23 21:23:59,753 - INFO - 
============================================================
2025-11-23 21:23:59,753 - INFO - Preprocessing Pipeline
2025-11-23 21:23:59,753 - INFO - ============================================================
2025-11-23 21:23:59,753 - INFO - Running complete preprocessing pipeline...
2025-11-23 21:24:03,754 - INFO - ✓ Preprocessing complete
2025-11-23 21:24:03,754 - INFO -   - Data shape: (180, 50)
2025-11-23 21:24:03,754 - INFO -   - PCA stored in: `adata.obsm['X_pca']` (shape: (180, 20))
2025-11-23 21:24:03,755 - INFO -   - Latent representation stored in: `adata.obsm['X_latent']` (shape: (180, 32))
2025-11-23 21:24:03,755 - INFO -   - Raw counts saved in: `adata.layers['raw_counts']`
2025-11-23 21:24:03,755 - INFO -   - Neighbors graph constructed: True
2025-11-23 21:24:03,755 - INFO - 
============================================================
2025-11-23 21:24:03,755 - INFO - Clustering
2025-11-23 21:24:03,755 - INFO - ============================================================
2025-11-23 21:24:03,755 - INFO - Performing clustering analysis...
2025-11-23 21:24:03,776 - INFO - ✓ Clustering complete
2025-11-23 21:24:03,776 - INFO -   - Cluster labels stored in: `adata.obs['cplearn_labels']`
2025-11-23 21:24:03,776 - INFO -   - Number of clusters: 3
2025-11-23 21:24:03,777 - INFO -   - Cluster IDs: ['0', '1', '2']
2025-11-23 21:24:03,777 - INFO - 
============================================================
2025-11-23 21:24:03,777 - INFO - Visualization: UMAP
2025-11-23 21:24:03,777 - INFO - ============================================================
2025-11-23 21:24:03,777 - INFO - Computing UMAP embedding and generating visualization...
2025-11-23 21:24:04,600 - INFO - ✓ UMAP visualization complete
2025-11-23 21:24:04,601 - INFO -   - UMAP embedding stored in: `adata.obsm['X_umap']` (shape: (180, 2))
2025-11-23 21:24:04,601 - INFO -   - Visualization saved to: result_20251123_212359/umap_clusters.png
2025-11-23 21:24:04,601 - INFO - 
============================================================
2025-11-23 21:24:04,601 - INFO - CoreAnalysis: Core map embedding and core layer extraction
2025-11-23 21:24:04,601 - INFO - ============================================================
2025-11-23 21:24:04,601 - INFO - Computing core map embedding...
2025-11-23 21:24:04,604 - INFO - ✓ CoreAnalysis complete
2025-11-23 21:24:04,604 - INFO -   - Core map embedding stored in: `adata.obsm['X_cplearn_coremap']` (shape: (180, 2))
2025-11-23 21:24:04,604 - INFO -   - Assigned points: 0/180 (0.0%)
2025-11-23 21:24:04,605 - INFO - 
============================================================
2025-11-23 21:24:04,605 - INFO - DEG: Marker Genes
2025-11-23 21:24:04,605 - INFO - ============================================================
2025-11-23 21:24:04,605 - INFO - Identifying differentially expressed genes (marker genes)...
